<?xml version="1.0" encoding="UTF-8"?>
<!-- Generated by org.testng.reporters.JUnitReportReporter -->
<testsuite hostname="BA-000454127" failures="0" tests="1" name="com.yourstore.testcases.NewTest" time="0.054" errors="0" timestamp="2023-03-29T16:49:28 IST" skipped="0">
  <testcase classname="com.yourstore.testcases.NewTest" name="f" time="0.054"/>
  <system-out/>
</testsuite> <!-- com.yourstore.testcases.NewTest -->
